<?xml version="1.0" encoding="UTF-8" ?>
<testsuite errors="0" failures="0" hostname="Studio" name="edu.umb.cs.cs680.hw06.CarTest" skipped="0" tests="1" time="0.529" timestamp="2017-11-22T03:12:29">
  <properties>
    <property name="java.vendor" value="Oracle Corporation" />
    <property name="env.USERDOMAIN_ROAMINGPROFILE" value="COMPSERVDOM" />
    <property name="sun.java.launcher" value="SUN_STANDARD" />
    <property name="sun.management.compiler" value="HotSpot 64-Bit Tiered Compilers" />
    <property name="env.PROMPT" value="$P$G" />
    <property name="os.name" value="Windows 10" />
    <property name="env.JUNIT_CS680" value="E:\cs680\jar_files\junit-4.12.jar" />
    <property name="env.COMPUTERNAME" value="STUDIO" />
    <property name="env.CommonProgramW6432" value="C:\Program Files\Common Files" />
    <property name="ant.file.hw06" value="E:\cs680\hw06\build.xml" />
    <property name="env.ALLUSERSPROFILE" value="C:\ProgramData" />
    <property name="sun.desktop" value="windows" />
    <property name="java.vm.specification.vendor" value="Oracle Corporation" />
    <property name="ant.file.type.hw06" value="file" />
    <property name="ant.home" value="C:\apache-ant-1.10.1" />
    <property name="java.runtime.version" value="9.0.1+11" />
    <property name="env.HOMEPATH" value="\Users\Karthik.Prasad001" />
    <property name="user.name" value="Karthik.Prasad001" />
    <property name="env.OPENSSL_CONF" value="C:\OpenSSL-Win64\bin\openssl.cfg" />
    <property name="user.language" value="en" />
    <property name="sun.boot.library.path" value="C:\Program Files\Java\jdk-9.0.1\bin" />
    <property name="env.ORACLE_PW" value="kprasad" />
    <property name="ant.project.default-target" value="build" />
    <property name="ant.project.name" value="hw06" />
    <property name="java.vm.compressedOopsMode" value="32-bit" />
    <property name="java.version" value="9.0.1" />
    <property name="env.PROCESSOR_IDENTIFIER" value="Intel64 Family 6 Model 23 Stepping 10, GenuineIntel" />
    <property name="user.timezone" value="" />
    <property name="env.TEMP" value="C:\Users\KARTHI~1.PRA\AppData\Local\Temp" />
    <property name="sun.arch.data.model" value="64" />
    <property name="env._JAVACMD" value="C:\Program Files\Java\jdk-9.0.1\bin\java.exe" />
    <property name="file.encoding.pkg" value="sun.io" />
    <property name="sun.cpu.isalist" value="amd64" />
    <property name="env.HOMEDRIVE" value="C:" />
    <property name="sun.jnu.encoding" value="Cp1252" />
    <property name="file.separator" value="\" />
    <property name="java.specification.name" value="Java Platform API Specification" />
    <property name="env.ORACLE_SITE" value="localhost:1521:dbs3" />
    <property name="java.class.version" value="53.0" />
    <property name="user.country" value="US" />
    <property name="java.home" value="C:\Program Files\Java\jdk-9.0.1" />
    <property name="env.PSModulePath" value="C:\Program Files\WindowsPowerShell\Modules;C:\WINDOWS\system32\WindowsPowerShell\v1.0\Modules" />
    <property name="env.APPDATA" value="C:\Users\Karthik.Prasad001\AppData\Roaming" />
    <property name="java.vm.info" value="mixed mode" />
    <property name="env.PUBLIC" value="C:\Users\Public" />
    <property name="env.ComSpec" value="C:\WINDOWS\system32\cmd.exe" />
    <property name="env.OS" value="Windows_NT" />
    <property name="env.CommonProgramFiles" value="C:\Program Files\Common Files" />
    <property name="env.=ExitCode" value="00000000" />
    <property name="os.version" value="10.0" />
    <property name="ant.file" value="E:\cs680\hw06\build.xml" />
    <property name="env.ProgramW6432" value="C:\Program Files" />
    <property name="env._USE_CLASSPATH" value="no" />
    <property name="env.=::" value="::\" />
    <property name="path.separator" value=";" />
    <property name="java.vm.version" value="9.0.1+11" />
    <property name="env.ORACLE_USER" value="kprasad" />
    <property name="user.variant" value="" />
    <property name="env.USERPROFILE" value="C:\Users\Karthik.Prasad001" />
    <property name="ant.library.dir" value="C:\apache-ant-1.10.1\lib" />
    <property name="junit.output.dir" value="junit" />
    <property name="env.JAVA_HOME" value="C:\Program Files\Java\jdk-9.0.1" />
    <property name="java.awt.printerjob" value="sun.awt.windows.WPrinterJob" />
    <property name="env.FPS_BROWSER_USER_PROFILE_STRING" value="Default" />
    <property name="env.TMP" value="C:\Users\KARTHI~1.PRA\AppData\Local\Temp" />
    <property name="sun.io.unicode.encoding" value="UnicodeLittle" />
    <property name="awt.toolkit" value="sun.awt.windows.WToolkit" />
    <property name="sun.stdout.encoding" value="cp437" />
    <property name="user.script" value="" />
    <property name="target" value="9" />
    <property name="user.home" value="C:\Users\Karthik.Prasad001" />
    <property name="env.ProgramData" value="C:\ProgramData" />
    <property name="env.ProgramFiles(x86)" value="C:\Program Files (x86)" />
    <property name="env.SESSIONNAME" value="Console" />
    <property name="java.specification.vendor" value="Oracle Corporation" />
    <property name="env.MYSQL_SITE" value="localhost:3333" />
    <property name="env.NUMBER_OF_PROCESSORS" value="2" />
    <property name="java.library.path" value="C:\Program Files\Java\jdk-9.0.1\bin;C:\WINDOWS\Sun\Java\bin;C:\WINDOWS\system32;C:\WINDOWS;C:\ProgramData\Oracle\Java\javapath;C:\WINDOWS\system32;C:\WINDOWS;C:\WINDOWS\System32\Wbem;C:\WINDOWS\System32\WindowsPowerShell\v1.0\;C:\Program Files (x86)\Bitvise SSH Client;C:\xampp\mysql\bin;C:\xampp\php;C:\curl\src;C:\curl;C:\Program Files\PuTTY\;C:\Program Files\MATLAB\R2017b\bin;C:\Users\Karthik.Prasad001\AppData\Local\Microsoft\WindowsApps;C:\Program Files\Java\jdk-9.0.1\bin;C:\apache-ant-1.10.1\bin;C:\xampp\php;C:\xampp\mysql\bin;E:\cs680\jar_files\hamcrest-core-1.3.jar;E:\cs680\jar_files\junit-4.12.jar;;." />
    <property name="java.vendor.url" value="http://java.oracle.com/" />
    <property name="env.USERDNSDOMAIN" value="umassb.net" />
    <property name="java.vm.vendor" value="Oracle Corporation" />
    <property name="java.runtime.name" value="Java(TM) SE Runtime Environment" />
    <property name="env.=E:" value="E:\cs680\hw06" />
    <property name="java.class.path" value="E:\cs680\hw06\bin;E:\cs680\hw06\test\bin;E:\cs680\jar_files\hamcrest-core-1.3.jar;E:\cs680\jar_files\junit-4.12.jar;C:\apache-ant-1.10.1\lib\ant-launcher.jar;C:\apache-ant-1.10.1\lib\ant.jar;C:\apache-ant-1.10.1\lib\ant-junit.jar;C:\apache-ant-1.10.1\lib\ant-junit4.jar" />
    <property name="sun.java.command" value="org.apache.tools.ant.taskdefs.optional.junit.JUnitTestRunner edu.umb.cs.cs680.hw06.CarTest skipNonTests=false filtertrace=true haltOnError=false haltOnFailure=false formatter=org.apache.tools.ant.taskdefs.optional.junit.OutErrSummaryJUnitResultFormatter showoutput=false outputtoformatters=true logfailedtests=true threadid=0 logtestlistenerevents=false formatter=org.apache.tools.ant.taskdefs.optional.junit.XMLJUnitResultFormatter,E:\cs680\hw06\junit\TEST-edu.umb.cs.cs680.hw06.CarTest.xml crashfile=E:\cs680\hw06\junitvmwatcher7964812815186809174.properties propsfile=E:\cs680\hw06\junit1529260788141512836.properties" />
    <property name="ant.version" value="Apache Ant(TM) version 1.10.1 compiled on February 2 2017" />
    <property name="jdk.debug" value="release" />
    <property name="env.MYSQL_USER" value="kprasad" />
    <property name="java.vm.specification.name" value="Java Virtual Machine Specification" />
    <property name="ant.file.type" value="file" />
    <property name="env.windir" value="C:\WINDOWS" />
    <property name="env.LOGONSERVER" value="\\STUDIO" />
    <property name="java.vm.specification.version" value="9" />
    <property name="env.PROCESSOR_ARCHITECTURE" value="AMD64" />
    <property name="sun.cpu.endian" value="little" />
    <property name="env.KDS_LANGUAGE" value="13" />
    <property name="sun.os.patch.level" value="" />
    <property name="env.OneDrive" value="E:\OneDrive - University of Massachusetts Boston" />
    <property name="debuglevel" value="source,lines,vars" />
    <property name="env.ANT_HOME" value="C:\apache-ant-1.10.1" />
    <property name="env.ProgramFiles" value="C:\Program Files" />
    <property name="env.PROCESSOR_REVISION" value="170a" />
    <property name="java.io.tmpdir" value="C:\Users\KARTHI~1.PRA\AppData\Local\Temp\" />
    <property name="env.CommonProgramFiles(x86)" value="C:\Program Files (x86)\Common Files" />
    <property name="java.vendor.url.bug" value="http://bugreport.java.com/bugreport/" />
    <property name="env.SystemRoot" value="C:\WINDOWS" />
    <property name="env.FPS_BROWSER_APP_PROFILE_STRING" value="Internet Explorer" />
    <property name="os.arch" value="amd64" />
    <property name="java.awt.graphicsenv" value="sun.awt.Win32GraphicsEnvironment" />
    <property name="env.ANT_CMD_LINE_ARGS" value=" build" />
    <property name="user.dir" value="E:\cs680\hw06" />
    <property name="env.LOCALAPPDATA" value="C:\Users\Karthik.Prasad001\AppData\Local" />
    <property name="line.separator" value="&#xd;&#xa;" />
    <property name="java.vm.name" value="Java HotSpot(TM) 64-Bit Server VM" />
    <property name="env.PATHEXT" value=".COM;.EXE;.BAT;.CMD;.VBS;.VBE;.JS;.JSE;.WSF;.WSH;.MSC" />
    <property name="env.Path" value="C:\ProgramData\Oracle\Java\javapath;C:\WINDOWS\system32;C:\WINDOWS;C:\WINDOWS\System32\Wbem;C:\WINDOWS\System32\WindowsPowerShell\v1.0\;C:\Program Files (x86)\Bitvise SSH Client;C:\xampp\mysql\bin;C:\xampp\php;C:\curl\src;C:\curl;C:\Program Files\PuTTY\;C:\Program Files\MATLAB\R2017b\bin;C:\Users\Karthik.Prasad001\AppData\Local\Microsoft\WindowsApps;C:\Program Files\Java\jdk-9.0.1\bin;C:\apache-ant-1.10.1\bin;C:\xampp\php;C:\xampp\mysql\bin;E:\cs680\jar_files\hamcrest-core-1.3.jar;E:\cs680\jar_files\junit-4.12.jar;" />
    <property name="basedir" value="E:\cs680\hw06" />
    <property name="ant.java.version" value="9" />
    <property name="ant.core.lib" value="C:\apache-ant-1.10.1\lib\ant.jar" />
    <property name="env.USERNAME" value="Karthik.Prasad001" />
    <property name="source" value="9" />
    <property name="env.SystemDrive" value="C:" />
    <property name="env.MYSQL_PW" value="kprasad" />
    <property name="sun.stderr.encoding" value="cp437" />
    <property name="file.encoding" value="Cp1252" />
    <property name="env.USERDOMAIN" value="COMPSERVDOM" />
    <property name="java.specification.version" value="9" />
    <property name="ant.project.invoked-targets" value="build" />
    <property name="env.HAMCREST_CORE_CS680" value="E:\cs680\jar_files\hamcrest-core-1.3.jar" />
    <property name="env.PROCESSOR_LEVEL" value="6" />
  </properties>
  <testcase classname="edu.umb.cs.cs680.hw06.CarTest" name="Test" time="0.085" />
  <system-out><![CDATA[Year 	  Mileage 	 Price
2011 	  105543.0 	 $23000.0
2015 	  80003.0 	 $35000.0
2016 	  5000.0 	 $90000.0
2008 	  153000.0 	 $11000.0
2017 	  981.0 	 $123000.0

---------- SORTING ----------

Year Comparator Sort:

2008
2011
2015
2016
2017
----------------------------

Mileage Comparator Sort:

153000.0
105543.0
80003.0
5000.0
981.0
----------------------------

Price Comparator Sort:

$123000.0
$90000.0
$35000.0
$23000.0
$11000.0
]]></system-out>
  <system-err><![CDATA[]]></system-err>
</testsuite>
